2025-06-20 00:46:50 [main] INFO  com.test.LogTest - 🔥 Log4j is working.
2025-07-14 11:56:27 [main] INFO  com.utilities.MyListerner - Test case execution startedTest
2025-07-14 11:57:11 [main] INFO  com.utilities.MyListerner - Test execution startedtestValidCredentials
2025-07-14 11:57:14 [main] INFO  com.utilities.MyListerner - Test execution failedtestValidCredentials
2025-07-14 11:57:14 [main] INFO  com.utilities.MyListerner - Test case execution finalizedTest
2025-07-14 12:28:44 [main] INFO  com.utilities.MyListerner - Test case execution startedTest
2025-07-14 12:29:07 [main] INFO  com.utilities.MyListerner - Test execution startedtestValidCredentials
2025-07-14 12:29:08 [main] INFO  com.utilities.MyListerner - Test execution failedtestValidCredentials
2025-07-14 12:29:09 [main] INFO  com.utilities.MyListerner - Test execution startedTestCase1
2025-07-14 12:29:09 [main] INFO  com.utilities.MyListerner - Test execution failedTestCase1
2025-07-14 12:29:09 [main] INFO  com.utilities.MyListerner - Test execution startedTestCase2
2025-07-14 12:29:09 [main] INFO  com.utilities.MyListerner - Test execution failedTestCase2
2025-07-14 12:29:09 [main] INFO  com.utilities.MyListerner - Test execution startedTestCase3
2025-07-14 12:29:09 [main] INFO  com.utilities.MyListerner - Test execution passedTestCase3
2025-07-14 12:29:09 [main] INFO  com.utilities.MyListerner - Test execution startedTestCase4
2025-07-14 12:29:09 [main] INFO  com.utilities.MyListerner - Test execution passedTestCase4
2025-07-14 12:29:09 [main] INFO  com.utilities.MyListerner - Test execution startedTestCase5
2025-07-14 12:29:09 [main] INFO  com.utilities.MyListerner - Test execution skippedTestCase5
2025-07-14 12:29:09 [main] INFO  com.utilities.MyListerner - Test execution startedTestCase6
2025-07-14 12:29:09 [main] INFO  com.utilities.MyListerner - Test execution passedTestCase6
2025-07-14 12:29:09 [main] INFO  com.utilities.MyListerner - Test case execution finalizedTest
2025-07-15 14:15:23 [main] DEBUG org.apache.poi.openxml4j.opc.PackageRelationshipCollection - Parsing relationship: /xl/_rels/workbook.xml.rels
2025-07-15 14:15:23 [main] DEBUG org.apache.poi.openxml4j.opc.PackageRelationshipCollection - Parsing relationship: /_rels/.rels
2025-07-15 14:27:56 [main] DEBUG org.apache.poi.openxml4j.opc.PackageRelationshipCollection - Parsing relationship: /xl/_rels/workbook.xml.rels
2025-07-15 14:27:56 [main] DEBUG org.apache.poi.openxml4j.opc.PackageRelationshipCollection - Parsing relationship: /_rels/.rels
2025-07-15 14:44:02 [main] DEBUG org.apache.poi.openxml4j.opc.PackageRelationshipCollection - Parsing relationship: /xl/_rels/workbook.xml.rels
2025-07-15 14:44:02 [main] DEBUG org.apache.poi.openxml4j.opc.PackageRelationshipCollection - Parsing relationship: /_rels/.rels
2025-07-15 14:55:37 [main] DEBUG org.apache.poi.openxml4j.opc.PackageRelationshipCollection - Parsing relationship: /xl/_rels/workbook.xml.rels
2025-07-15 14:55:37 [main] DEBUG org.apache.poi.openxml4j.opc.PackageRelationshipCollection - Parsing relationship: /_rels/.rels
2025-07-15 14:57:24 [main] DEBUG org.apache.poi.openxml4j.opc.PackageRelationshipCollection - Parsing relationship: /xl/_rels/workbook.xml.rels
2025-07-15 14:57:24 [main] DEBUG org.apache.poi.openxml4j.opc.PackageRelationshipCollection - Parsing relationship: /_rels/.rels
2025-07-15 15:26:42 [main] DEBUG org.apache.poi.openxml4j.opc.PackageRelationshipCollection - Parsing relationship: /xl/_rels/workbook.xml.rels
2025-07-15 15:26:42 [main] DEBUG org.apache.poi.openxml4j.opc.PackageRelationshipCollection - Parsing relationship: /_rels/.rels
2025-07-15 15:31:26 [main] DEBUG org.apache.poi.openxml4j.opc.PackageRelationshipCollection - Parsing relationship: /xl/_rels/workbook.xml.rels
2025-07-15 15:31:26 [main] DEBUG org.apache.poi.openxml4j.opc.PackageRelationshipCollection - Parsing relationship: /_rels/.rels
2025-07-15 15:37:04 [main] DEBUG org.apache.poi.openxml4j.opc.PackageRelationshipCollection - Parsing relationship: /xl/_rels/workbook.xml.rels
2025-07-15 15:37:04 [main] DEBUG org.apache.poi.openxml4j.opc.PackageRelationshipCollection - Parsing relationship: /_rels/.rels
2025-07-15 15:46:07 [main] DEBUG org.apache.poi.openxml4j.opc.PackageRelationshipCollection - Parsing relationship: /xl/_rels/workbook.xml.rels
2025-07-15 15:46:07 [main] DEBUG org.apache.poi.openxml4j.opc.PackageRelationshipCollection - Parsing relationship: /_rels/.rels
2025-07-15 15:54:03 [main] DEBUG org.apache.poi.openxml4j.opc.PackageRelationshipCollection - Parsing relationship: /xl/_rels/workbook.xml.rels
2025-07-15 15:54:03 [main] DEBUG org.apache.poi.openxml4j.opc.PackageRelationshipCollection - Parsing relationship: /_rels/.rels
